{"date":"Thu, 01 Mar 2012 14:06:10 GMT","userID":"1","userName":"CEO John","inputID":"sessionURL","level":"info","message":"Started Editing"}
{"date":"Thu, 01 Mar 2012 14:06:19 GMT","userID":"1","userName":"CEO John","inputID":"newRoomName","level":"info","message":"Started Editing"}
{"level":"info","message":"User CEO John finished editing newRoomName which now has a value of "}
{"date":"Thu, 01 Mar 2012 14:06:48 GMT","userID":"1","userName":"CEO John","inputID":"sessionURL","level":"info","message":"Started Editing"}
{"date":"Thu, 01 Mar 2012 14:06:48 GMT","userID":"1","userName":"CEO John","inputID":"sessionURL","level":"info","message":"Started Editing"}
{"date":"Thu, 01 Mar 2012 14:06:49 GMT","userID":"1","userName":"CEO John","inputID":"newRoomName","level":"info","message":"Started Editing"}
{"level":"info","message":"User CEO John finished editing newRoomName which now has a value of test"}
{"date":"Thu, 01 Mar 2012 14:06:52 GMT","userID":"1","userName":"CEO John","inputID":"newRoomName","level":"info","message":"Started Editing"}
{"level":"info","message":"User CEO John finished editing newRoomName which now has a value of http://localhost:13476/s/test/"}
{"date":"Thu, 01 Mar 2012 14:07:25 GMT","userID":"1","userName":"CEO John","inputID":"newRoomName","level":"info","message":"Started Editing"}
{"level":"info","message":"User CEO John finished editing newRoomName which now has a value of http://localhost:13476/s/test/"}
{"date":"Thu, 01 Mar 2012 14:07:39 GMT","userID":"1","userName":"CEO John","inputID":"projectInput","level":"info","message":"Started Editing"}
{"date":"Thu, 01 Mar 2012 14:07:39 GMT","userID":"1","userName":"CEO John","inputID":"projectInput","level":"info","message":"Started Editing"}
{"level":"info","message":"User CEO John finished editing projectInput which now has a value of 2011114 - ThirdForce Arabic"}
{"level":"info","message":"User CEO John finished editing projectInput which now has a value of 2011114 - ThirdForce Arabic"}
{"date":"Thu, 01 Mar 2012 14:08:18 GMT","userID":"1","userName":"CEO John","inputID":"startTime","level":"info","message":"Started Editing"}
{"date":"Thu, 01 Mar 2012 14:08:18 GMT","userID":"1","userName":"CEO John","inputID":"startTime","level":"info","message":"Started Editing"}
{"level":"info","message":"User CEO John finished editing startTime which now has a value of 09:00"}
{"level":"info","message":"User CEO John finished editing startTime which now has a value of 09:00"}
{"date":"Thu, 01 Mar 2012 14:08:24 GMT","userID":"1","userName":"CEO John","inputID":"projectInput","level":"info","message":"Started Editing"}
{"date":"Thu, 01 Mar 2012 14:08:24 GMT","userID":"1","userName":"CEO John","inputID":"projectInput","level":"info","message":"Started Editing"}
{"date":"Thu, 01 Mar 2012 14:08:30 GMT","userID":"5","userName":"Employee Anthony","inputID":"projectInput","level":"info","message":"Started Editing"}
{"level":"info","message":"User Employee Anthony finished editing projectInput which now has a value of 20"}
{"level":"info","message":"User Employee Anthony finished editing projectInput which now has a value of 20"}
{"level":"info","message":"User CEO John finished editing projectInput which now has a value of 20"}
{"level":"info","message":"User CEO John finished editing projectInput which now has a value of 20"}
{"level":"info","message":"User CEO John finished editing projectInput which now has a value of 20"}
{"date":"Thu, 01 Mar 2012 14:08:34 GMT","userID":"1","userName":"CEO John","inputID":"projectInput","level":"info","message":"Started Editing"}
{"date":"Thu, 01 Mar 2012 14:08:34 GMT","userID":"1","userName":"CEO John","inputID":"projectInput","level":"info","message":"Started Editing"}
{"level":"info","message":"User CEO John finished editing projectInput which now has a value of 20"}
{"level":"info","message":"User CEO John finished editing projectInput which now has a value of 20"}
{"level":"info","message":"User CEO John finished editing projectInput which now has a value of 20"}
{"date":"Thu, 01 Mar 2012 14:08:35 GMT","userID":"1","userName":"CEO John","inputID":"projectInput","level":"info","message":"Started Editing"}
{"date":"Thu, 01 Mar 2012 14:08:35 GMT","userID":"1","userName":"CEO John","inputID":"projectInput","level":"info","message":"Started Editing"}
{"date":"Thu, 01 Mar 2012 14:08:39 GMT","userID":"5","userName":"Employee Anthony","inputID":"date_worked","level":"info","message":"Started Editing"}
{"level":"info","message":"User Employee Anthony finished editing date_worked which now has a value of "}
{"date":"Thu, 01 Mar 2012 14:08:43 GMT","userID":"5","userName":"Employee Anthony","inputID":"projectInput","level":"info","message":"Started Editing"}
{"level":"info","message":"User CEO John finished editing projectInput which now has a value of 201bcksjk1"}
{"level":"info","message":"User CEO John finished editing projectInput which now has a value of 201bcksjk1"}
{"level":"info","message":"User CEO John finished editing projectInput which now has a value of 201bcksjk1"}
{"date":"Thu, 01 Mar 2012 14:09:14 GMT","userID":"1","userName":"CEO John","inputID":"projectInput","level":"info","message":"Started Editing"}
{"date":"Thu, 01 Mar 2012 14:09:14 GMT","userID":"1","userName":"CEO John","inputID":"projectInput","level":"info","message":"Started Editing"}
{"level":"info","message":"User CEO John finished editing projectInput which now has a value of "}
{"level":"info","message":"User CEO John finished editing projectInput which now has a value of "}
{"level":"info","message":"User CEO John finished editing projectInput which now has a value of "}
{"date":"Thu, 01 Mar 2012 14:09:21 GMT","userID":"1","userName":"CEO John","inputID":"startTime","level":"info","message":"Started Editing"}
{"date":"Thu, 01 Mar 2012 14:09:21 GMT","userID":"1","userName":"CEO John","inputID":"startTime","level":"info","message":"Started Editing"}
{"level":"info","message":"User CEO John finished editing startTime which now has a value of 09:00"}
{"level":"info","message":"User CEO John finished editing startTime which now has a value of 09:00"}
{"date":"Thu, 01 Mar 2012 14:09:25 GMT","userID":"1","userName":"CEO John","inputID":"date_worked","level":"info","message":"Started Editing"}
{"date":"Thu, 01 Mar 2012 14:09:25 GMT","userID":"1","userName":"CEO John","inputID":"date_worked","level":"info","message":"Started Editing"}
{"level":"info","message":"User CEO John finished editing date_worked which now has a value of "}
{"level":"info","message":"User CEO John finished editing date_worked which now has a value of "}
{"date":"Thu, 01 Mar 2012 14:09:31 GMT","userID":"1","userName":"CEO John","inputID":"date_worked","level":"info","message":"Started Editing"}
{"date":"Thu, 01 Mar 2012 14:09:31 GMT","userID":"1","userName":"CEO John","inputID":"date_worked","level":"info","message":"Started Editing"}
{"level":"info","message":"User CEO John finished editing date_worked which now has a value of 22/02/2012"}
{"level":"info","message":"User CEO John finished editing date_worked which now has a value of 22/02/2012"}
{"level":"info","message":"User Employee Anthony finished editing projectInput which now has a value of "}
